<?xml version="1.0" encoding="UTF-8"?>
<!-- Generated by org.testng.reporters.JUnitReportReporter -->
<testsuite hostname="RaviSuni" failures="0" tests="1" name="Beauty.Revlon" time="3.882" errors="0" timestamp="2024-04-18T21:45:28 CDT" skipped="0">
  <testcase classname="Beauty.Revlon" name="LaunchRevlon" time="3.882"/>
</testsuite> <!-- Beauty.Revlon -->
