<?xml version="1.0" encoding="UTF-8"?>
<!-- Generated by org.testng.reporters.JUnitReportReporter -->
<testsuite hostname="RaviSuni" failures="0" tests="1" name="Ecommerce.Flipkart_Test" time="10.192" errors="0" timestamp="2024-04-18T09:18:02 CDT" skipped="0">
  <testcase classname="Ecommerce.Flipkart_Test" name="LaunchFlipkart" time="10.192"/>
</testsuite> <!-- Ecommerce.Flipkart_Test -->
