<?xml version="1.0" encoding="UTF-8"?>
<!-- Generated by org.testng.reporters.JUnitReportReporter -->
<testsuite hostname="RaviSuni" failures="0" tests="1" name="Beauty.Maybeline_Test" time="9.408" errors="0" timestamp="2024-04-18T09:09:14 CDT" skipped="0">
  <testcase classname="Beauty.Maybeline_Test" name="LaunchMaybelline" time="9.408"/>
</testsuite> <!-- Beauty.Maybeline_Test -->
