<?xml version="1.0" encoding="UTF-8"?>
<!-- Generated by org.testng.reporters.JUnitReportReporter -->
<testsuite hostname="RaviSuni" failures="0" tests="1" name="Food.Zomato_Test" time="10.161" errors="0" timestamp="2024-04-18T09:24:00 CDT" skipped="0">
  <testcase classname="Food.Zomato_Test" name="LaunchZomato" time="10.161"/>
</testsuite> <!-- Food.Zomato_Test -->
