<?xml version="1.0" encoding="UTF-8"?>
<!-- Generated by org.testng.reporters.JUnitReportReporter -->
<testsuite hostname="RaviSuni" failures="0" tests="1" name="Food.McDonalds_Test" time="6.926" errors="0" timestamp="2024-04-18T09:25:31 CDT" skipped="0">
  <testcase classname="Food.McDonalds_Test" name="LaunchMcDonalds" time="6.926"/>
</testsuite> <!-- Food.McDonalds_Test -->
