<?xml version="1.0" encoding="UTF-8"?>
<!-- Generated by org.testng.reporters.JUnitReportReporter -->
<testsuite hostname="RaviSuni" failures="0" tests="1" name="Ecommerce.Walmart_Test" time="10.180" errors="0" timestamp="2024-04-18T09:17:22 CDT" skipped="0">
  <testcase classname="Ecommerce.Walmart_Test" name="LaunchWalmart" time="10.180"/>
</testsuite> <!-- Ecommerce.Walmart_Test -->
