<?xml version="1.0" encoding="UTF-8"?>
<!-- Generated by org.testng.reporters.JUnitReportReporter -->
<testsuite hostname="RaviSuni" failures="0" tests="1" name="Beauty.Lakme_Test" time="14.281" errors="0" timestamp="2024-04-18T08:42:16 CDT" skipped="0">
  <testcase classname="Beauty.Lakme_Test" name="Lakme" time="14.281"/>
</testsuite> <!-- Beauty.Lakme_Test -->
