<?xml version="1.0" encoding="UTF-8"?>
<!-- Generated by org.testng.reporters.JUnitReportReporter -->
<testsuite hostname="RaviSuni" failures="0" tests="1" name="Beauty.Mac_Test" time="7.616" errors="0" timestamp="2024-04-18T20:45:12 CDT" skipped="0">
  <testcase classname="Beauty.Mac_Test" name="Mac" time="7.616"/>
</testsuite> <!-- Beauty.Mac_Test -->
