<?xml version="1.0" encoding="UTF-8"?>
<!-- Generated by org.testng.reporters.JUnitReportReporter -->
<testsuite hostname="RaviSuni" failures="0" tests="1" name="Food.Swiggy_Test" time="8.159" errors="0" timestamp="2024-04-18T09:24:38 CDT" skipped="0">
  <testcase classname="Food.Swiggy_Test" name="LaunchSwiggy" time="8.159"/>
</testsuite> <!-- Food.Swiggy_Test -->
