<?xml version="1.0" encoding="UTF-8"?>
<!-- Generated by org.testng.reporters.JUnitReportReporter -->
<testsuite hostname="RaviSuni" failures="0" tests="1" name="Beauty.Ulta_Test" time="12.287" errors="0" timestamp="2024-04-18T09:11:01 CDT" skipped="0">
  <testcase classname="Beauty.Ulta_Test" name="LaunchUlta" time="12.287"/>
</testsuite> <!-- Beauty.Ulta_Test -->
